<?xml version="1.0" encoding="UTF-8"?>
<!-- Generated by org.testng.reporters.JUnitReportReporter -->
<testsuite hostname="LAPTOP-DOBLN3AU" failures="0" tests="1" name="com.qa.lesson2.Scripts.WikiHomePageTest" time="3.310" errors="0" timestamp="25 Oct 2021 11:52:52 GMT" skipped="0">
  <testcase classname="com.qa.lesson2.Scripts.WikiHomePageTest" name="HomepageTest" time="3.310"/>
</testsuite> <!-- com.qa.lesson2.Scripts.WikiHomePageTest -->
