<?xml version="1.0" encoding="UTF-8"?>
<!-- Generated by org.testng.reporters.JUnitReportReporter -->
<testsuite hostname="LAPTOP-DOBLN3AU" failures="0" tests="2" name="com.qa.lesson2.Scripts.WikiSearchPageTest" time="8.009" errors="0" timestamp="25 Oct 2021 11:53:22 GMT" skipped="0">
  <testcase classname="com.qa.lesson2.Scripts.WikiSearchPageTest" name="searchpageTest" time="2.801"/>
  <testcase classname="com.qa.lesson2.Scripts.WikiSearchPageTest" name="HomepageTest" time="5.208"/>
</testsuite> <!-- com.qa.lesson2.Scripts.WikiSearchPageTest -->
