<?xml version="1.0" encoding="UTF-8"?>
<!-- Generated by org.testng.reporters.JUnitReportReporter -->
<testsuite hostname="LAPTOP-DOBLN3AU" failures="0" tests="1" name="com.qa.lesson2.Scripts.WikiHomePageTest" time="2.896" errors="0" timestamp="25 Oct 2021 12:15:22 GMT" skipped="0">
  <testcase classname="com.qa.lesson2.Scripts.WikiHomePageTest" name="HomepageTest" time="2.896"/>
</testsuite> <!-- com.qa.lesson2.Scripts.WikiHomePageTest -->
