<?xml version="1.0" encoding="UTF-8"?>
<!-- Generated by org.testng.reporters.JUnitReportReporter -->
<testsuite hostname="LAPTOP-DOBLN3AU" failures="0" tests="2" name="com.qa.lesson2.Scripts.WikiSearchPageTest" time="9.232" errors="0" timestamp="25 Oct 2021 12:15:22 GMT" skipped="0">
  <testcase classname="com.qa.lesson2.Scripts.WikiSearchPageTest" name="HomepageTest" time="5.196"/>
  <testcase classname="com.qa.lesson2.Scripts.WikiSearchPageTest" name="searchpageTest" time="4.036"/>
</testsuite> <!-- com.qa.lesson2.Scripts.WikiSearchPageTest -->
